-------------------------------------------------------------------------------
Test set: it.catalogo.test.SuiteCreateAndAssertCliente
-------------------------------------------------------------------------------
Tests run: 1, Failures: 0, Errors: 1, Skipped: 0, Time elapsed: 33.682 s <<< FAILURE! - in it.catalogo.test.SuiteCreateAndAssertCliente
testSuiteCreateAndAssertCliente_release_2_1  Time elapsed: 33.451 s  <<< ERROR!
org.openqa.selenium.NoSuchElementException: 
no such element: Unable to locate element: {"method":"xpath","selector":"(.//*[normalize-space(text()) and normalize-space(.)='Rettifica'])[10]/preceding::a[1]"}
  (Session info: headless chrome=94.0.4606.61)
  (Driver info: chromedriver=2.41.578700 (2f1ed5f9343c13f73144538f15c00b370eda6706),platform=Linux 5.8.0-1042-azure x86_64) (WARNING: The server did not provide any stacktrace information)
Command duration or timeout: 0 milliseconds
For documentation on this error, please visit: https://www.seleniumhq.org/exceptions/no_such_element.html
Build info: version: '3.141.59', revision: 'e82be7d358', time: '2018-11-14T08:17:03'
System info: host: 'fv-az83-279', ip: '10.1.0.12', os.name: 'Linux', os.arch: 'amd64', os.version: '5.8.0-1042-azure', java.version: '11.0.11'
Driver info: org.openqa.selenium.chrome.ChromeDriver
Capabilities {acceptInsecureCerts: false, acceptSslCerts: false, applicationCacheEnabled: false, browserConnectionEnabled: false, browserName: chrome, chrome: {chromedriverVersion: 2.41.578700 (2f1ed5f9343c13..., userDataDir: /tmp/.org.chromium.Chromium...}, cssSelectorsEnabled: true, databaseEnabled: false, goog:chromeOptions: {debuggerAddress: localhost:42499}, handlesAlerts: true, hasTouchScreen: false, javascriptEnabled: true, locationContextEnabled: true, mobileEmulationEnabled: false, nativeEvents: true, networkConnectionEnabled: false, pageLoadStrategy: normal, platform: LINUX, platformName: LINUX, rotatable: false, setWindowRect: true, takesHeapSnapshot: true, takesScreenshot: true, unexpectedAlertBehaviour: , unhandledPromptBehavior: , version: 94.0.4606.61, webStorageEnabled: true}
Session ID: 06d887968070de85dc5a0234ca9e2f68
*** Element info: {Using=xpath, value=(.//*[normalize-space(text()) and normalize-space(.)='Rettifica'])[10]/preceding::a[1]}
	at it.catalogo.test.SuiteCreateAndAssertCliente.testSuiteCreateAndAssertCliente_release_2_1(SuiteCreateAndAssertCliente.java:57)

