-------------------------------------------------------------------------------
Test set: it.catalogo.test.SuiteUpdateClienteHooks
-------------------------------------------------------------------------------
Tests run: 1, Failures: 0, Errors: 1, Skipped: 0, Time elapsed: 30.305 s <<< FAILURE! - in it.catalogo.test.SuiteUpdateClienteHooks
testSuiteUpdateClienteHooks_loc_Hooks_release_2_0  Time elapsed: 30.082 s  <<< ERROR!
org.openqa.selenium.NoSuchElementException: 
no such element: Unable to locate element: {"method":"xpath","selector":"//*[@x-test-tpl-35]//*[@x-test-hook-44][9]//*[@x-test-hook-50]"}
  (Session info: headless chrome=94.0.4606.61)
  (Driver info: chromedriver=2.41.578700 (2f1ed5f9343c13f73144538f15c00b370eda6706),platform=Linux 5.8.0-1042-azure x86_64) (WARNING: The server did not provide any stacktrace information)
Command duration or timeout: 0 milliseconds
For documentation on this error, please visit: https://www.seleniumhq.org/exceptions/no_such_element.html
Build info: version: '3.141.59', revision: 'e82be7d358', time: '2018-11-14T08:17:03'
System info: host: 'fv-az39-226', ip: '10.1.0.163', os.name: 'Linux', os.arch: 'amd64', os.version: '5.8.0-1042-azure', java.version: '11.0.11'
Driver info: org.openqa.selenium.chrome.ChromeDriver
Capabilities {acceptInsecureCerts: false, acceptSslCerts: false, applicationCacheEnabled: false, browserConnectionEnabled: false, browserName: chrome, chrome: {chromedriverVersion: 2.41.578700 (2f1ed5f9343c13..., userDataDir: /tmp/.org.chromium.Chromium...}, cssSelectorsEnabled: true, databaseEnabled: false, goog:chromeOptions: {debuggerAddress: localhost:35963}, handlesAlerts: true, hasTouchScreen: false, javascriptEnabled: true, locationContextEnabled: true, mobileEmulationEnabled: false, nativeEvents: true, networkConnectionEnabled: false, pageLoadStrategy: normal, platform: LINUX, platformName: LINUX, rotatable: false, setWindowRect: true, takesHeapSnapshot: true, takesScreenshot: true, unexpectedAlertBehaviour: , unhandledPromptBehavior: , version: 94.0.4606.61, webStorageEnabled: true}
Session ID: c78acadc115994b388a010df833f9ed2
*** Element info: {Using=xpath, value=//*[@x-test-tpl-35]//*[@x-test-hook-44][9]//*[@x-test-hook-50]}
	at it.catalogo.test.SuiteUpdateClienteHooks.testSuiteUpdateClienteHooks_loc_Hooks_release_2_0(SuiteUpdateClienteHooks.java:43)

