-------------------------------------------------------------------------------
Test set: it.catalogo.test.testSuiteHooks2_release_1_0
-------------------------------------------------------------------------------
Tests run: 2, Failures: 0, Errors: 1, Skipped: 0, Time elapsed: 33.222 s <<< FAILURE! - in it.catalogo.test.testSuiteHooks2_release_1_0
testtestSuiteNOhooksChromeHeadless  Time elapsed: 31.112 s  <<< ERROR!
org.openqa.selenium.NoSuchElementException: 
no such element: Unable to locate element: {"method":"id","selector":"nome"}
  (Session info: headless chrome=93.0.4577.63)
  (Driver info: chromedriver=2.41.578700 (2f1ed5f9343c13f73144538f15c00b370eda6706),platform=Linux 5.8.0-1041-azure x86_64) (WARNING: The server did not provide any stacktrace information)
Command duration or timeout: 0 milliseconds
For documentation on this error, please visit: https://www.seleniumhq.org/exceptions/no_such_element.html
Build info: version: '3.141.59', revision: 'e82be7d358', time: '2018-11-14T08:17:03'
System info: host: 'fv-az121-90', ip: '10.1.0.21', os.name: 'Linux', os.arch: 'amd64', os.version: '5.8.0-1041-azure', java.version: '1.8.0_302'
Driver info: org.openqa.selenium.chrome.ChromeDriver
Capabilities {acceptInsecureCerts: false, acceptSslCerts: false, applicationCacheEnabled: false, browserConnectionEnabled: false, browserName: chrome, chrome: {chromedriverVersion: 2.41.578700 (2f1ed5f9343c13..., userDataDir: /tmp/.org.chromium.Chromium...}, cssSelectorsEnabled: true, databaseEnabled: false, goog:chromeOptions: {debuggerAddress: localhost:36769}, handlesAlerts: true, hasTouchScreen: false, javascriptEnabled: true, locationContextEnabled: true, mobileEmulationEnabled: false, nativeEvents: true, networkConnectionEnabled: false, pageLoadStrategy: normal, platform: LINUX, platformName: LINUX, rotatable: false, setWindowRect: true, takesHeapSnapshot: true, takesScreenshot: true, unexpectedAlertBehaviour: , unhandledPromptBehavior: , version: 93.0.4577.63, webStorageEnabled: true}
Session ID: cb3cdb738b807b4009f70494b9e11493
*** Element info: {Using=id, value=nome}
	at it.catalogo.test.testSuiteHooks2_release_1_0.testtestSuiteNOhooksChromeHeadless(testSuiteHooks2_release_1_0.java:76)

